# JRE version: Java(TM) SE Runtime Environment (8.0_51-b16) (build 1.8.0_51-b16)
# Java VM: Java HotSpot(TM) 64-Bit Server VM (25.51-b03 mixed mode windows-amd64 compressed oops)
Heap:
 par new generation   total 707840K, used 491433K [0x0000000640000000, 0x0000000670000000, 0x0000000670000000)
  eden space 629248K,  66% used [0x0000000640000000, 0x000000065965eeb0, 0x0000000666680000)
  from space 78592K,  95% used [0x000000066b340000, 0x000000066fccb740, 0x0000000670000000)
  to   space 78592K,   0% used [0x0000000666680000, 0x0000000666680000, 0x000000066b340000)
 concurrent mark-sweep generation total 5505024K, used 3662686K [0x0000000670000000, 0x00000007c0000000, 0x00000007c0000000)
 Metaspace       used 317903K, capacity 331207K, committed 331308K, reserved 1323008K
  class space    used 52555K, capacity 58173K, committed 58256K, reserved 1048576K
GC Heap History (10 events):
Event: 2995.029 GC heap before
{Heap before GC invocations=298 (full 7):
 par new generation   total 707840K, used 707840K [0x0000000640000000, 0x0000000670000000, 0x0000000670000000)
  eden space 629248K, 100% used [0x0000000640000000, 0x0000000666680000, 0x0000000666680000)
  from space 78592K, 100% used [0x0000000666680000, 0x000000066b340000, 0x000000066b340000)
  to   space 78592K,   0% used [0x000000066b340000, 0x000000066b340000, 0x0000000670000000)
 concurrent mark-sweep generation total 5505024K, used 3662683K [0x0000000670000000, 0x00000007c0000000, 0x00000007c0000000)
 Metaspace       used 317002K, capacity 330195K, committed 330412K, reserved 1320960K
  class space    used 52473K, capacity 58083K, committed 58128K, reserved 1048576K
Event: 2995.151 GC heap after
Heap after GC invocations=299 (full 7):
 par new generation   total 707840K, used 64556K [0x0000000640000000, 0x0000000670000000, 0x0000000670000000)
  eden space 629248K,   0% used [0x0000000640000000, 0x0000000640000000, 0x0000000666680000)
  from space 78592K,  82% used [0x000000066b340000, 0x000000066f24b0c0, 0x0000000670000000)
  to   space 78592K,   0% used [0x0000000666680000, 0x0000000666680000, 0x000000066b340000)
 concurrent mark-sweep generation total 5505024K, used 3662683K [0x0000000670000000, 0x00000007c0000000, 0x00000007c0000000)
 Metaspace       used 317002K, capacity 330195K, committed 330412K, reserved 1320960K
  class space    used 52473K, capacity 58083K, committed 58128K, reserved 1048576K
}
Event: 3031.917 GC heap before
{Heap before GC invocations=299 (full 7):
 par new generation   total 707840K, used 693804K [0x0000000640000000, 0x0000000670000000, 0x0000000670000000)
  eden space 629248K, 100% used [0x0000000640000000, 0x0000000666680000, 0x0000000666680000)
  from space 78592K,  82% used [0x000000066b340000, 0x000000066f24b0c0, 0x0000000670000000)
  to   space 78592K,   0% used [0x0000000666680000, 0x0000000666680000, 0x000000066b340000)
 concurrent mark-sweep generation total 5505024K, used 3662683K [0x0000000670000000, 0x00000007c0000000, 0x00000007c0000000)
 Metaspace       used 317184K, capacity 330419K, committed 330668K, reserved 1323008K
  class space    used 52483K, capacity 58087K, committed 58128K, reserved 1048576K
Event: 3032.035 GC heap after
Heap after GC invocations=300 (full 7):
 par new generation   total 707840K, used 66395K [0x0000000640000000, 0x0000000670000000, 0x0000000670000000)
  eden space 629248K,   0% used [0x0000000640000000, 0x0000000640000000, 0x0000000666680000)
  from space 78592K,  84% used [0x0000000666680000, 0x000000066a756f80, 0x000000066b340000)
  to   space 78592K,   0% used [0x000000066b340000, 0x000000066b340000, 0x0000000670000000)
 concurrent mark-sweep generation total 5505024K, used 3662683K [0x0000000670000000, 0x00000007c0000000, 0x00000007c0000000)
 Metaspace       used 317184K, capacity 330419K, committed 330668K, reserved 1323008K
  class space    used 52483K, capacity 58087K, committed 58128K, reserved 1048576K
}
Event: 3058.106 GC heap before
{Heap before GC invocations=300 (full 7):
 par new generation   total 707840K, used 695643K [0x0000000640000000, 0x0000000670000000, 0x0000000670000000)
  eden space 629248K, 100% used [0x0000000640000000, 0x0000000666680000, 0x0000000666680000)
  from space 78592K,  84% used [0x0000000666680000, 0x000000066a756f80, 0x000000066b340000)
  to   space 78592K,   0% used [0x000000066b340000, 0x000000066b340000, 0x0000000670000000)
 concurrent mark-sweep generation total 5505024K, used 3662683K [0x0000000670000000, 0x00000007c0000000, 0x00000007c0000000)
 Metaspace       used 317598K, capacity 330829K, committed 331052K, reserved 1323008K
  class space    used 52520K, capacity 58134K, committed 58256K, reserved 1048576K
Event: 3058.233 GC heap after
Heap after GC invocations=301 (full 7):
 par new generation   total 707840K, used 69817K [0x0000000640000000, 0x0000000670000000, 0x0000000670000000)
  eden space 629248K,   0% used [0x0000000640000000, 0x0000000640000000, 0x0000000666680000)
  from space 78592K,  88% used [0x000000066b340000, 0x000000066f76e640, 0x0000000670000000)
  to   space 78592K,   0% used [0x0000000666680000, 0x0000000666680000, 0x000000066b340000)
 concurrent mark-sweep generation total 5505024K, used 3662683K [0x0000000670000000, 0x00000007c0000000, 0x00000007c0000000)
 Metaspace       used 317598K, capacity 330829K, committed 331052K, reserved 1323008K
  class space    used 52520K, capacity 58134K, committed 58256K, reserved 1048576K
}
Event: 3087.904 GC heap before
{Heap before GC invocations=301 (full 7):
 par new generation   total 707840K, used 699118K [0x0000000640000000, 0x0000000670000000, 0x0000000670000000)
  eden space 629248K, 100% used [0x0000000640000000, 0x0000000666680000, 0x0000000666680000)
  from space 78592K,  88% used [0x000000066b340000, 0x000000066f77b850, 0x0000000670000000)
  to   space 78592K,   0% used [0x0000000666680000, 0x0000000666680000, 0x000000066b340000)
 concurrent mark-sweep generation total 5505024K, used 3662683K [0x0000000670000000, 0x00000007c0000000, 0x00000007c0000000)
 Metaspace       used 317649K, capacity 330897K, committed 331052K, reserved 1323008K
  class space    used 52521K, capacity 58134K, committed 58256K, reserved 1048576K
Event: 3088.038 GC heap after
Heap after GC invocations=302 (full 7):
 par new generation   total 707840K, used 78592K [0x0000000640000000, 0x0000000670000000, 0x0000000670000000)
  eden space 629248K,   0% used [0x0000000640000000, 0x0000000640000000, 0x0000000666680000)
  from space 78592K, 100% used [0x0000000666680000, 0x000000066b340000, 0x000000066b340000)
  to   space 78592K,   0% used [0x000000066b340000, 0x000000066b340000, 0x0000000670000000)
 concurrent mark-sweep generation total 5505024K, used 3662686K [0x0000000670000000, 0x00000007c0000000, 0x00000007c0000000)
 Metaspace       used 317649K, capacity 330897K, committed 331052K, reserved 1323008K
  class space    used 52521K, capacity 58134K, committed 58256K, reserved 1048576K
}
Event: 3088.475 GC heap before
{Heap before GC invocations=302 (full 7):
 par new generation   total 707840K, used 93499K [0x0000000640000000, 0x0000000670000000, 0x0000000670000000)
  eden space 629248K,   2% used [0x0000000640000000, 0x0000000640e8eca0, 0x0000000666680000)
  from space 78592K, 100% used [0x0000000666680000, 0x000000066b340000, 0x000000066b340000)
  to   space 78592K,   0% used [0x000000066b340000, 0x000000066b340000, 0x0000000670000000)
 concurrent mark-sweep generation total 5505024K, used 3662686K [0x0000000670000000, 0x00000007c0000000, 0x00000007c0000000)
 Metaspace       used 317649K, capacity 330897K, committed 331052K, reserved 1323008K
  class space    used 52521K, capacity 58134K, committed 58256K, reserved 1048576K
Event: 3088.605 GC heap after
Heap after GC invocations=303 (full 7):
 par new generation   total 707840K, used 75309K [0x0000000640000000, 0x0000000670000000, 0x0000000670000000)
  eden space 629248K,   0% used [0x0000000640000000, 0x0000000640000000, 0x0000000666680000)
  from space 78592K,  95% used [0x000000066b340000, 0x000000066fccb740, 0x0000000670000000)
  to   space 78592K,   0% used [0x0000000666680000, 0x0000000666680000, 0x000000066b340000)
 concurrent mark-sweep generation total 5505024K, used 3662686K [0x0000000670000000, 0x00000007c0000000, 0x00000007c0000000)
 Metaspace       used 317649K, capacity 330897K, committed 331052K, reserved 1323008K
  class space    used 52521K, capacity 58134K, committed 58256K, reserved 1048576K
}

