# JRE version: Java(TM) SE Runtime Environment (8.0_51-b16) (build 1.8.0_51-b16)
# Java VM: Java HotSpot(TM) 64-Bit Server VM (25.51-b03 mixed mode windows-amd64 compressed oops)
Heap:
 par new generation   total 707840K, used 166474K [0x0000000640000000, 0x0000000670000000, 0x0000000670000000)
  eden space 629248K,  13% used [0x0000000640000000, 0x00000006455d2aa0, 0x0000000666680000)
  from space 78592K, 100% used [0x0000000666680000, 0x000000066b340000, 0x000000066b340000)
  to   space 78592K,   0% used [0x000000066b340000, 0x000000066b340000, 0x0000000670000000)
 concurrent mark-sweep generation total 5505024K, used 3618579K [0x0000000670000000, 0x00000007c0000000, 0x00000007c0000000)
 Metaspace       used 270765K, capacity 281333K, committed 281568K, reserved 1277952K
  class space    used 47875K, capacity 52992K, committed 53040K, reserved 1048576K
GC Heap History (10 events):
Event: 1107.475 GC heap before
{Heap before GC invocations=141 (full 5):
 par new generation   total 707840K, used 707840K [0x0000000640000000, 0x0000000670000000, 0x0000000670000000)
  eden space 629248K, 100% used [0x0000000640000000, 0x0000000666680000, 0x0000000666680000)
  from space 78592K, 100% used [0x000000066b340000, 0x0000000670000000, 0x0000000670000000)
  to   space 78592K,   0% used [0x0000000666680000, 0x0000000666680000, 0x000000066b340000)
 concurrent mark-sweep generation total 5505024K, used 3576672K [0x0000000670000000, 0x00000007c0000000, 0x00000007c0000000)
 Metaspace       used 267369K, capacity 277759K, committed 278112K, reserved 1275904K
  class space    used 47461K, capacity 52541K, committed 52656K, reserved 1048576K
Event: 1107.687 GC heap after
Heap after GC invocations=142 (full 5):
 par new generation   total 707840K, used 78592K [0x0000000640000000, 0x0000000670000000, 0x0000000670000000)
  eden space 629248K,   0% used [0x0000000640000000, 0x0000000640000000, 0x0000000666680000)
  from space 78592K, 100% used [0x0000000666680000, 0x000000066b340000, 0x000000066b340000)
  to   space 78592K,   0% used [0x000000066b340000, 0x000000066b340000, 0x0000000670000000)
 concurrent mark-sweep generation total 5505024K, used 3580560K [0x0000000670000000, 0x00000007c0000000, 0x00000007c0000000)
 Metaspace       used 267369K, capacity 277759K, committed 278112K, reserved 1275904K
  class space    used 47461K, capacity 52541K, committed 52656K, reserved 1048576K
}
Event: 1115.647 GC heap before
{Heap before GC invocations=142 (full 5):
 par new generation   total 707840K, used 707840K [0x0000000640000000, 0x0000000670000000, 0x0000000670000000)
  eden space 629248K, 100% used [0x0000000640000000, 0x0000000666680000, 0x0000000666680000)
  from space 78592K, 100% used [0x0000000666680000, 0x000000066b340000, 0x000000066b340000)
  to   space 78592K,   0% used [0x000000066b340000, 0x000000066b340000, 0x0000000670000000)
 concurrent mark-sweep generation total 5505024K, used 3580560K [0x0000000670000000, 0x00000007c0000000, 0x00000007c0000000)
 Metaspace       used 269614K, capacity 280041K, committed 280160K, reserved 1275904K
  class space    used 47738K, capacity 52852K, committed 52912K, reserved 1048576K
Event: 1115.944 GC heap after
Heap after GC invocations=143 (full 5):
 par new generation   total 707840K, used 78592K [0x0000000640000000, 0x0000000670000000, 0x0000000670000000)
  eden space 629248K,   0% used [0x0000000640000000, 0x0000000640000000, 0x0000000666680000)
  from space 78592K, 100% used [0x000000066b340000, 0x0000000670000000, 0x0000000670000000)
  to   space 78592K,   0% used [0x0000000666680000, 0x0000000666680000, 0x000000066b340000)
 concurrent mark-sweep generation total 5505024K, used 3598442K [0x0000000670000000, 0x00000007c0000000, 0x00000007c0000000)
 Metaspace       used 269614K, capacity 280041K, committed 280160K, reserved 1275904K
  class space    used 47738K, capacity 52852K, committed 52912K, reserved 1048576K
}
Event: 1124.269 GC heap before
{Heap before GC invocations=143 (full 5):
 par new generation   total 707840K, used 707840K [0x0000000640000000, 0x0000000670000000, 0x0000000670000000)
  eden space 629248K, 100% used [0x0000000640000000, 0x0000000666680000, 0x0000000666680000)
  from space 78592K, 100% used [0x000000066b340000, 0x0000000670000000, 0x0000000670000000)
  to   space 78592K,   0% used [0x0000000666680000, 0x0000000666680000, 0x000000066b340000)
 concurrent mark-sweep generation total 5505024K, used 3598442K [0x0000000670000000, 0x00000007c0000000, 0x00000007c0000000)
 Metaspace       used 269617K, capacity 280041K, committed 280160K, reserved 1275904K
  class space    used 47738K, capacity 52852K, committed 52912K, reserved 1048576K
Event: 1124.473 GC heap after
Heap after GC invocations=144 (full 5):
 par new generation   total 707840K, used 78592K [0x0000000640000000, 0x0000000670000000, 0x0000000670000000)
  eden space 629248K,   0% used [0x0000000640000000, 0x0000000640000000, 0x0000000666680000)
  from space 78592K, 100% used [0x0000000666680000, 0x000000066b340000, 0x000000066b340000)
  to   space 78592K,   0% used [0x000000066b340000, 0x000000066b340000, 0x0000000670000000)
 concurrent mark-sweep generation total 5505024K, used 3601794K [0x0000000670000000, 0x00000007c0000000, 0x00000007c0000000)
 Metaspace       used 269617K, capacity 280041K, committed 280160K, reserved 1275904K
  class space    used 47738K, capacity 52852K, committed 52912K, reserved 1048576K
}
Event: 1128.715 GC heap before
{Heap before GC invocations=144 (full 5):
 par new generation   total 707840K, used 707840K [0x0000000640000000, 0x0000000670000000, 0x0000000670000000)
  eden space 629248K, 100% used [0x0000000640000000, 0x0000000666680000, 0x0000000666680000)
  from space 78592K, 100% used [0x0000000666680000, 0x000000066b340000, 0x000000066b340000)
  to   space 78592K,   0% used [0x000000066b340000, 0x000000066b340000, 0x0000000670000000)
 concurrent mark-sweep generation total 5505024K, used 3601794K [0x0000000670000000, 0x00000007c0000000, 0x00000007c0000000)
 Metaspace       used 269634K, capacity 280041K, committed 280160K, reserved 1275904K
  class space    used 47738K, capacity 52852K, committed 52912K, reserved 1048576K
Event: 1128.921 GC heap after
Heap after GC invocations=145 (full 5):
 par new generation   total 707840K, used 78592K [0x0000000640000000, 0x0000000670000000, 0x0000000670000000)
  eden space 629248K,   0% used [0x0000000640000000, 0x0000000640000000, 0x0000000666680000)
  from space 78592K, 100% used [0x000000066b340000, 0x0000000670000000, 0x0000000670000000)
  to   space 78592K,   0% used [0x0000000666680000, 0x0000000666680000, 0x000000066b340000)
 concurrent mark-sweep generation total 5505024K, used 3603222K [0x0000000670000000, 0x00000007c0000000, 0x00000007c0000000)
 Metaspace       used 269634K, capacity 280041K, committed 280160K, reserved 1275904K
  class space    used 47738K, capacity 52852K, committed 52912K, reserved 1048576K
}
Event: 1136.673 GC heap before
{Heap before GC invocations=145 (full 5):
 par new generation   total 707840K, used 707840K [0x0000000640000000, 0x0000000670000000, 0x0000000670000000)
  eden space 629248K, 100% used [0x0000000640000000, 0x0000000666680000, 0x0000000666680000)
  from space 78592K, 100% used [0x000000066b340000, 0x0000000670000000, 0x0000000670000000)
  to   space 78592K,   0% used [0x0000000666680000, 0x0000000666680000, 0x000000066b340000)
 concurrent mark-sweep generation total 5505024K, used 3603222K [0x0000000670000000, 0x00000007c0000000, 0x00000007c0000000)
 Metaspace       used 270654K, capacity 281199K, committed 281312K, reserved 1277952K
  class space    used 47858K, capacity 52977K, committed 53040K, reserved 1048576K
Event: 1136.984 GC heap after
Heap after GC invocations=146 (full 5):
 par new generation   total 707840K, used 78592K [0x0000000640000000, 0x0000000670000000, 0x0000000670000000)
  eden space 629248K,   0% used [0x0000000640000000, 0x0000000640000000, 0x0000000666680000)
  from space 78592K, 100% used [0x0000000666680000, 0x000000066b340000, 0x000000066b340000)
  to   space 78592K,   0% used [0x000000066b340000, 0x000000066b340000, 0x0000000670000000)
 concurrent mark-sweep generation total 5505024K, used 3618579K [0x0000000670000000, 0x00000007c0000000, 0x00000007c0000000)
 Metaspace       used 270654K, capacity 281199K, committed 281312K, reserved 1277952K
  class space    used 47858K, capacity 52977K, committed 53040K, reserved 1048576K
}

