# JRE version: Java(TM) SE Runtime Environment (8.0_51-b16) (build 1.8.0_51-b16)
# Java VM: Java HotSpot(TM) 64-Bit Server VM (25.51-b03 mixed mode windows-amd64 compressed oops)
Heap:
 par new generation   total 707840K, used 590112K [0x0000000640000000, 0x0000000670000000, 0x0000000670000000)
  eden space 629248K,  81% used [0x0000000640000000, 0x000000065f388200, 0x0000000666680000)
  from space 78592K, 100% used [0x0000000666680000, 0x000000066b340000, 0x000000066b340000)
  to   space 78592K,   0% used [0x000000066b340000, 0x000000066b340000, 0x0000000670000000)
 concurrent mark-sweep generation total 5505024K, used 3073577K [0x0000000670000000, 0x00000007c0000000, 0x00000007c0000000)
 Metaspace       used 270286K, capacity 280154K, committed 280304K, reserved 1277952K
  class space    used 46518K, capacity 51191K, committed 51240K, reserved 1048576K
GC Heap History (10 events):
Event: 1539.543 GC heap before
{Heap before GC invocations=169 (full 6):
 par new generation   total 707840K, used 707840K [0x0000000640000000, 0x0000000670000000, 0x0000000670000000)
  eden space 629248K, 100% used [0x0000000640000000, 0x0000000666680000, 0x0000000666680000)
  from space 78592K, 100% used [0x000000066b340000, 0x0000000670000000, 0x0000000670000000)
  to   space 78592K,   0% used [0x0000000666680000, 0x0000000666680000, 0x000000066b340000)
 concurrent mark-sweep generation total 5505024K, used 2656803K [0x0000000670000000, 0x00000007c0000000, 0x00000007c0000000)
 Metaspace       used 267597K, capacity 277524K, committed 277744K, reserved 1275904K
  class space    used 46266K, capacity 50958K, committed 50984K, reserved 1048576K
Event: 1540.503 GC heap after
Heap after GC invocations=170 (full 6):
 par new generation   total 707840K, used 78592K [0x0000000640000000, 0x0000000670000000, 0x0000000670000000)
  eden space 629248K,   0% used [0x0000000640000000, 0x0000000640000000, 0x0000000666680000)
  from space 78592K, 100% used [0x0000000666680000, 0x000000066b340000, 0x000000066b340000)
  to   space 78592K,   0% used [0x000000066b340000, 0x000000066b340000, 0x0000000670000000)
 concurrent mark-sweep generation total 5505024K, used 2809143K [0x0000000670000000, 0x00000007c0000000, 0x00000007c0000000)
 Metaspace       used 267597K, capacity 277524K, committed 277744K, reserved 1275904K
  class space    used 46266K, capacity 50958K, committed 50984K, reserved 1048576K
}
Event: 1546.527 GC heap before
{Heap before GC invocations=170 (full 6):
 par new generation   total 707840K, used 707840K [0x0000000640000000, 0x0000000670000000, 0x0000000670000000)
  eden space 629248K, 100% used [0x0000000640000000, 0x0000000666680000, 0x0000000666680000)
  from space 78592K, 100% used [0x0000000666680000, 0x000000066b340000, 0x000000066b340000)
  to   space 78592K,   0% used [0x000000066b340000, 0x000000066b340000, 0x0000000670000000)
 concurrent mark-sweep generation total 5505024K, used 2809143K [0x0000000670000000, 0x00000007c0000000, 0x00000007c0000000)
 Metaspace       used 267597K, capacity 277524K, committed 277744K, reserved 1275904K
  class space    used 46266K, capacity 50958K, committed 50984K, reserved 1048576K
Event: 1547.265 GC heap after
Heap after GC invocations=171 (full 6):
 par new generation   total 707840K, used 78592K [0x0000000640000000, 0x0000000670000000, 0x0000000670000000)
  eden space 629248K,   0% used [0x0000000640000000, 0x0000000640000000, 0x0000000666680000)
  from space 78592K, 100% used [0x000000066b340000, 0x0000000670000000, 0x0000000670000000)
  to   space 78592K,   0% used [0x0000000666680000, 0x0000000666680000, 0x000000066b340000)
 concurrent mark-sweep generation total 5505024K, used 2915973K [0x0000000670000000, 0x00000007c0000000, 0x00000007c0000000)
 Metaspace       used 267597K, capacity 277524K, committed 277744K, reserved 1275904K
  class space    used 46266K, capacity 50958K, committed 50984K, reserved 1048576K
}
Event: 1554.263 GC heap before
{Heap before GC invocations=171 (full 6):
 par new generation   total 707840K, used 707840K [0x0000000640000000, 0x0000000670000000, 0x0000000670000000)
  eden space 629248K, 100% used [0x0000000640000000, 0x0000000666680000, 0x0000000666680000)
  from space 78592K, 100% used [0x000000066b340000, 0x0000000670000000, 0x0000000670000000)
  to   space 78592K,   0% used [0x0000000666680000, 0x0000000666680000, 0x000000066b340000)
 concurrent mark-sweep generation total 5505024K, used 2915973K [0x0000000670000000, 0x00000007c0000000, 0x00000007c0000000)
 Metaspace       used 267597K, capacity 277524K, committed 277744K, reserved 1275904K
  class space    used 46266K, capacity 50958K, committed 50984K, reserved 1048576K
Event: 1554.706 GC heap after
Heap after GC invocations=172 (full 6):
 par new generation   total 707840K, used 78592K [0x0000000640000000, 0x0000000670000000, 0x0000000670000000)
  eden space 629248K,   0% used [0x0000000640000000, 0x0000000640000000, 0x0000000666680000)
  from space 78592K, 100% used [0x0000000666680000, 0x000000066b340000, 0x000000066b340000)
  to   space 78592K,   0% used [0x000000066b340000, 0x000000066b340000, 0x0000000670000000)
 concurrent mark-sweep generation total 5505024K, used 2977513K [0x0000000670000000, 0x00000007c0000000, 0x00000007c0000000)
 Metaspace       used 267597K, capacity 277524K, committed 277744K, reserved 1275904K
  class space    used 46266K, capacity 50958K, committed 50984K, reserved 1048576K
}
Event: 1562.462 GC heap before
{Heap before GC invocations=172 (full 6):
 par new generation   total 707840K, used 707840K [0x0000000640000000, 0x0000000670000000, 0x0000000670000000)
  eden space 629248K, 100% used [0x0000000640000000, 0x0000000666680000, 0x0000000666680000)
  from space 78592K, 100% used [0x0000000666680000, 0x000000066b340000, 0x000000066b340000)
  to   space 78592K,   0% used [0x000000066b340000, 0x000000066b340000, 0x0000000670000000)
 concurrent mark-sweep generation total 5505024K, used 2977513K [0x0000000670000000, 0x00000007c0000000, 0x00000007c0000000)
 Metaspace       used 267597K, capacity 277524K, committed 277744K, reserved 1275904K
  class space    used 46266K, capacity 50958K, committed 50984K, reserved 1048576K
Event: 1562.740 GC heap after
Heap after GC invocations=173 (full 6):
 par new generation   total 707840K, used 78592K [0x0000000640000000, 0x0000000670000000, 0x0000000670000000)
  eden space 629248K,   0% used [0x0000000640000000, 0x0000000640000000, 0x0000000666680000)
  from space 78592K, 100% used [0x000000066b340000, 0x0000000670000000, 0x0000000670000000)
  to   space 78592K,   0% used [0x0000000666680000, 0x0000000666680000, 0x000000066b340000)
 concurrent mark-sweep generation total 5505024K, used 3013053K [0x0000000670000000, 0x00000007c0000000, 0x00000007c0000000)
 Metaspace       used 267597K, capacity 277524K, committed 277744K, reserved 1275904K
  class space    used 46266K, capacity 50958K, committed 50984K, reserved 1048576K
}
Event: 1576.221 GC heap before
{Heap before GC invocations=173 (full 6):
 par new generation   total 707840K, used 707840K [0x0000000640000000, 0x0000000670000000, 0x0000000670000000)
  eden space 629248K, 100% used [0x0000000640000000, 0x0000000666680000, 0x0000000666680000)
  from space 78592K, 100% used [0x000000066b340000, 0x0000000670000000, 0x0000000670000000)
  to   space 78592K,   0% used [0x0000000666680000, 0x0000000666680000, 0x000000066b340000)
 concurrent mark-sweep generation total 5505024K, used 3013053K [0x0000000670000000, 0x00000007c0000000, 0x00000007c0000000)
 Metaspace       used 267607K, capacity 277524K, committed 277744K, reserved 1275904K
  class space    used 46266K, capacity 50958K, committed 50984K, reserved 1048576K
Event: 1576.940 GC heap after
Heap after GC invocations=174 (full 6):
 par new generation   total 707840K, used 78592K [0x0000000640000000, 0x0000000670000000, 0x0000000670000000)
  eden space 629248K,   0% used [0x0000000640000000, 0x0000000640000000, 0x0000000666680000)
  from space 78592K, 100% used [0x0000000666680000, 0x000000066b340000, 0x000000066b340000)
  to   space 78592K,   0% used [0x000000066b340000, 0x000000066b340000, 0x0000000670000000)
 concurrent mark-sweep generation total 5505024K, used 3073577K [0x0000000670000000, 0x00000007c0000000, 0x00000007c0000000)
 Metaspace       used 267607K, capacity 277524K, committed 277744K, reserved 1275904K
  class space    used 46266K, capacity 50958K, committed 50984K, reserved 1048576K
}

