# JRE version: Java(TM) SE Runtime Environment (8.0_51-b16) (build 1.8.0_51-b16)
# Java VM: Java HotSpot(TM) 64-Bit Server VM (25.51-b03 mixed mode windows-amd64 compressed oops)
Heap:
 par new generation   total 707840K, used 437878K [0x0000000640000000, 0x0000000670000000, 0x0000000670000000)
  eden space 629248K,  57% used [0x0000000640000000, 0x0000000655edd880, 0x0000000666680000)
  from space 78592K, 100% used [0x0000000666680000, 0x000000066b340000, 0x000000066b340000)
  to   space 78592K,   0% used [0x000000066b340000, 0x000000066b340000, 0x0000000670000000)
 concurrent mark-sweep generation total 5505024K, used 4204502K [0x0000000670000000, 0x00000007c0000000, 0x00000007c0000000)
 Metaspace       used 311369K, capacity 325015K, committed 325208K, reserved 1316864K
  class space    used 52111K, capacity 57833K, committed 57952K, reserved 1048576K
GC Heap History (10 events):
Event: 4438.857 GC heap before
{Heap before GC invocations=323 (full 7):
 par new generation   total 707840K, used 707840K [0x0000000640000000, 0x0000000670000000, 0x0000000670000000)
  eden space 629248K, 100% used [0x0000000640000000, 0x0000000666680000, 0x0000000666680000)
  from space 78592K, 100% used [0x000000066b340000, 0x0000000670000000, 0x0000000670000000)
  to   space 78592K,   0% used [0x0000000666680000, 0x0000000666680000, 0x000000066b340000)
 concurrent mark-sweep generation total 5505024K, used 4201128K [0x0000000670000000, 0x00000007c0000000, 0x00000007c0000000)
 Metaspace       used 311345K, capacity 325003K, committed 325208K, reserved 1316864K
  class space    used 52111K, capacity 57833K, committed 57952K, reserved 1048576K
Event: 4439.022 GC heap after
Heap after GC invocations=324 (full 7):
 par new generation   total 707840K, used 78592K [0x0000000640000000, 0x0000000670000000, 0x0000000670000000)
  eden space 629248K,   0% used [0x0000000640000000, 0x0000000640000000, 0x0000000666680000)
  from space 78592K, 100% used [0x0000000666680000, 0x000000066b340000, 0x000000066b340000)
  to   space 78592K,   0% used [0x000000066b340000, 0x000000066b340000, 0x0000000670000000)
 concurrent mark-sweep generation total 5505024K, used 4201796K [0x0000000670000000, 0x00000007c0000000, 0x00000007c0000000)
 Metaspace       used 311345K, capacity 325003K, committed 325208K, reserved 1316864K
  class space    used 52111K, capacity 57833K, committed 57952K, reserved 1048576K
}
Event: 4439.043 GC heap before
{Heap before GC invocations=324 (full 7):
 par new generation   total 707840K, used 85847K [0x0000000640000000, 0x0000000670000000, 0x0000000670000000)
  eden space 629248K,   1% used [0x0000000640000000, 0x0000000640715d48, 0x0000000666680000)
  from space 78592K, 100% used [0x0000000666680000, 0x000000066b340000, 0x000000066b340000)
  to   space 78592K,   0% used [0x000000066b340000, 0x000000066b340000, 0x0000000670000000)
 concurrent mark-sweep generation total 5505024K, used 4201796K [0x0000000670000000, 0x00000007c0000000, 0x00000007c0000000)
 Metaspace       used 311345K, capacity 325003K, committed 325208K, reserved 1316864K
  class space    used 52111K, capacity 57833K, committed 57952K, reserved 1048576K
Event: 4439.195 GC heap after
Heap after GC invocations=325 (full 7):
 par new generation   total 707840K, used 78592K [0x0000000640000000, 0x0000000670000000, 0x0000000670000000)
  eden space 629248K,   0% used [0x0000000640000000, 0x0000000640000000, 0x0000000666680000)
  from space 78592K, 100% used [0x000000066b340000, 0x0000000670000000, 0x0000000670000000)
  to   space 78592K,   0% used [0x0000000666680000, 0x0000000666680000, 0x000000066b340000)
 concurrent mark-sweep generation total 5505024K, used 4201837K [0x0000000670000000, 0x00000007c0000000, 0x00000007c0000000)
 Metaspace       used 311345K, capacity 325003K, committed 325208K, reserved 1316864K
  class space    used 52111K, capacity 57833K, committed 57952K, reserved 1048576K
}
Event: 4474.201 GC heap before
{Heap before GC invocations=325 (full 7):
 par new generation   total 707840K, used 707840K [0x0000000640000000, 0x0000000670000000, 0x0000000670000000)
  eden space 629248K, 100% used [0x0000000640000000, 0x0000000666680000, 0x0000000666680000)
  from space 78592K, 100% used [0x000000066b340000, 0x0000000670000000, 0x0000000670000000)
  to   space 78592K,   0% used [0x0000000666680000, 0x0000000666680000, 0x000000066b340000)
 concurrent mark-sweep generation total 5505024K, used 4201837K [0x0000000670000000, 0x00000007c0000000, 0x00000007c0000000)
 Metaspace       used 311351K, capacity 325003K, committed 325208K, reserved 1316864K
  class space    used 52111K, capacity 57833K, committed 57952K, reserved 1048576K
Event: 4474.366 GC heap after
Heap after GC invocations=326 (full 7):
 par new generation   total 707840K, used 78592K [0x0000000640000000, 0x0000000670000000, 0x0000000670000000)
  eden space 629248K,   0% used [0x0000000640000000, 0x0000000640000000, 0x0000000666680000)
  from space 78592K, 100% used [0x0000000666680000, 0x000000066b340000, 0x000000066b340000)
  to   space 78592K,   0% used [0x000000066b340000, 0x000000066b340000, 0x0000000670000000)
 concurrent mark-sweep generation total 5505024K, used 4203001K [0x0000000670000000, 0x00000007c0000000, 0x00000007c0000000)
 Metaspace       used 311351K, capacity 325003K, committed 325208K, reserved 1316864K
  class space    used 52111K, capacity 57833K, committed 57952K, reserved 1048576K
}
Event: 4509.028 GC heap before
{Heap before GC invocations=326 (full 7):
 par new generation   total 707840K, used 707840K [0x0000000640000000, 0x0000000670000000, 0x0000000670000000)
  eden space 629248K, 100% used [0x0000000640000000, 0x0000000666680000, 0x0000000666680000)
  from space 78592K, 100% used [0x0000000666680000, 0x000000066b340000, 0x000000066b340000)
  to   space 78592K,   0% used [0x000000066b340000, 0x000000066b340000, 0x0000000670000000)
 concurrent mark-sweep generation total 5505024K, used 4203001K [0x0000000670000000, 0x00000007c0000000, 0x00000007c0000000)
 Metaspace       used 311351K, capacity 325003K, committed 325208K, reserved 1316864K
  class space    used 52111K, capacity 57833K, committed 57952K, reserved 1048576K
Event: 4509.196 GC heap after
Heap after GC invocations=327 (full 7):
 par new generation   total 707840K, used 78592K [0x0000000640000000, 0x0000000670000000, 0x0000000670000000)
  eden space 629248K,   0% used [0x0000000640000000, 0x0000000640000000, 0x0000000666680000)
  from space 78592K, 100% used [0x000000066b340000, 0x0000000670000000, 0x0000000670000000)
  to   space 78592K,   0% used [0x0000000666680000, 0x0000000666680000, 0x000000066b340000)
 concurrent mark-sweep generation total 5505024K, used 4203773K [0x0000000670000000, 0x00000007c0000000, 0x00000007c0000000)
 Metaspace       used 311351K, capacity 325003K, committed 325208K, reserved 1316864K
  class space    used 52111K, capacity 57833K, committed 57952K, reserved 1048576K
}
Event: 4543.327 GC heap before
{Heap before GC invocations=327 (full 7):
 par new generation   total 707840K, used 707840K [0x0000000640000000, 0x0000000670000000, 0x0000000670000000)
  eden space 629248K, 100% used [0x0000000640000000, 0x0000000666680000, 0x0000000666680000)
  from space 78592K, 100% used [0x000000066b340000, 0x0000000670000000, 0x0000000670000000)
  to   space 78592K,   0% used [0x0000000666680000, 0x0000000666680000, 0x000000066b340000)
 concurrent mark-sweep generation total 5505024K, used 4203773K [0x0000000670000000, 0x00000007c0000000, 0x00000007c0000000)
 Metaspace       used 311352K, capacity 325003K, committed 325208K, reserved 1316864K
  class space    used 52111K, capacity 57833K, committed 57952K, reserved 1048576K
Event: 4543.535 GC heap after
Heap after GC invocations=328 (full 7):
 par new generation   total 707840K, used 78592K [0x0000000640000000, 0x0000000670000000, 0x0000000670000000)
  eden space 629248K,   0% used [0x0000000640000000, 0x0000000640000000, 0x0000000666680000)
  from space 78592K, 100% used [0x0000000666680000, 0x000000066b340000, 0x000000066b340000)
  to   space 78592K,   0% used [0x000000066b340000, 0x000000066b340000, 0x0000000670000000)
 concurrent mark-sweep generation total 5505024K, used 4204502K [0x0000000670000000, 0x00000007c0000000, 0x00000007c0000000)
 Metaspace       used 311352K, capacity 325003K, committed 325208K, reserved 1316864K
  class space    used 52111K, capacity 57833K, committed 57952K, reserved 1048576K
}

