# JRE version: Java(TM) SE Runtime Environment (8.0_51-b16) (build 1.8.0_51-b16)
# Java VM: Java HotSpot(TM) 64-Bit Server VM (25.51-b03 mixed mode windows-amd64 compressed oops)
Heap:
 par new generation   total 707840K, used 455887K [0x0000000640000000, 0x0000000670000000, 0x0000000670000000)
  eden space 629248K,  59% used [0x0000000640000000, 0x0000000657073fd8, 0x0000000666680000)
  from space 78592K, 100% used [0x0000000666680000, 0x000000066b340000, 0x000000066b340000)
  to   space 78592K,   0% used [0x000000066b340000, 0x000000066b340000, 0x0000000670000000)
 concurrent mark-sweep generation total 5505024K, used 1278037K [0x0000000670000000, 0x00000007c0000000, 0x00000007c0000000)
 Metaspace       used 171089K, capacity 177087K, committed 177340K, reserved 1198080K
  class space    used 26285K, capacity 28343K, committed 28384K, reserved 1048576K
GC Heap History (10 events):
Event: 1096.200 GC heap before
{Heap before GC invocations=63 (full 4):
 par new generation   total 707840K, used 707840K [0x0000000640000000, 0x0000000670000000, 0x0000000670000000)
  eden space 629248K, 100% used [0x0000000640000000, 0x0000000666680000, 0x0000000666680000)
  from space 78592K, 100% used [0x000000066b340000, 0x0000000670000000, 0x0000000670000000)
  to   space 78592K,   0% used [0x0000000666680000, 0x0000000666680000, 0x000000066b340000)
 concurrent mark-sweep generation total 5505024K, used 1094323K [0x0000000670000000, 0x00000007c0000000, 0x00000007c0000000)
 Metaspace       used 154997K, capacity 160113K, committed 160316K, reserved 1183744K
  class space    used 23917K, capacity 25622K, committed 25696K, reserved 1048576K
Event: 1096.677 GC heap after
Heap after GC invocations=64 (full 4):
 par new generation   total 707840K, used 78592K [0x0000000640000000, 0x0000000670000000, 0x0000000670000000)
  eden space 629248K,   0% used [0x0000000640000000, 0x0000000640000000, 0x0000000666680000)
  from space 78592K, 100% used [0x0000000666680000, 0x000000066b340000, 0x000000066b340000)
  to   space 78592K,   0% used [0x000000066b340000, 0x000000066b340000, 0x0000000670000000)
 concurrent mark-sweep generation total 5505024K, used 1137899K [0x0000000670000000, 0x00000007c0000000, 0x00000007c0000000)
 Metaspace       used 154997K, capacity 160113K, committed 160316K, reserved 1183744K
  class space    used 23917K, capacity 25622K, committed 25696K, reserved 1048576K
}
Event: 1105.100 GC heap before
{Heap before GC invocations=64 (full 4):
 par new generation   total 707840K, used 707840K [0x0000000640000000, 0x0000000670000000, 0x0000000670000000)
  eden space 629248K, 100% used [0x0000000640000000, 0x0000000666680000, 0x0000000666680000)
  from space 78592K, 100% used [0x0000000666680000, 0x000000066b340000, 0x000000066b340000)
  to   space 78592K,   0% used [0x000000066b340000, 0x000000066b340000, 0x0000000670000000)
 concurrent mark-sweep generation total 5505024K, used 1137899K [0x0000000670000000, 0x00000007c0000000, 0x00000007c0000000)
 Metaspace       used 156826K, capacity 161977K, committed 162236K, reserved 1185792K
  class space    used 24062K, capacity 25776K, committed 25824K, reserved 1048576K
Event: 1105.547 GC heap after
Heap after GC invocations=65 (full 4):
 par new generation   total 707840K, used 78592K [0x0000000640000000, 0x0000000670000000, 0x0000000670000000)
  eden space 629248K,   0% used [0x0000000640000000, 0x0000000640000000, 0x0000000666680000)
  from space 78592K, 100% used [0x000000066b340000, 0x0000000670000000, 0x0000000670000000)
  to   space 78592K,   0% used [0x0000000666680000, 0x0000000666680000, 0x000000066b340000)
 concurrent mark-sweep generation total 5505024K, used 1206310K [0x0000000670000000, 0x00000007c0000000, 0x00000007c0000000)
 Metaspace       used 156826K, capacity 161977K, committed 162236K, reserved 1185792K
  class space    used 24062K, capacity 25776K, committed 25824K, reserved 1048576K
}
Event: 1114.418 GC heap before
{Heap before GC invocations=65 (full 4):
 par new generation   total 707840K, used 707840K [0x0000000640000000, 0x0000000670000000, 0x0000000670000000)
  eden space 629248K, 100% used [0x0000000640000000, 0x0000000666680000, 0x0000000666680000)
  from space 78592K, 100% used [0x000000066b340000, 0x0000000670000000, 0x0000000670000000)
  to   space 78592K,   0% used [0x0000000666680000, 0x0000000666680000, 0x000000066b340000)
 concurrent mark-sweep generation total 5505024K, used 1206310K [0x0000000670000000, 0x00000007c0000000, 0x00000007c0000000)
 Metaspace       used 158764K, capacity 164289K, committed 164412K, reserved 1187840K
  class space    used 24303K, capacity 26118K, committed 26208K, reserved 1048576K
Event: 1114.831 GC heap after
Heap after GC invocations=66 (full 4):
 par new generation   total 707840K, used 78592K [0x0000000640000000, 0x0000000670000000, 0x0000000670000000)
  eden space 629248K,   0% used [0x0000000640000000, 0x0000000640000000, 0x0000000666680000)
  from space 78592K, 100% used [0x0000000666680000, 0x000000066b340000, 0x000000066b340000)
  to   space 78592K,   0% used [0x000000066b340000, 0x000000066b340000, 0x0000000670000000)
 concurrent mark-sweep generation total 5505024K, used 1254716K [0x0000000670000000, 0x00000007c0000000, 0x00000007c0000000)
 Metaspace       used 158764K, capacity 164289K, committed 164412K, reserved 1187840K
  class space    used 24303K, capacity 26118K, committed 26208K, reserved 1048576K
}
Event: 1118.248 GC heap before
{Heap before GC invocations=66 (full 4):
 par new generation   total 707840K, used 707840K [0x0000000640000000, 0x0000000670000000, 0x0000000670000000)
  eden space 629248K, 100% used [0x0000000640000000, 0x0000000666680000, 0x0000000666680000)
  from space 78592K, 100% used [0x0000000666680000, 0x000000066b340000, 0x000000066b340000)
  to   space 78592K,   0% used [0x000000066b340000, 0x000000066b340000, 0x0000000670000000)
 concurrent mark-sweep generation total 5505024K, used 1254716K [0x0000000670000000, 0x00000007c0000000, 0x00000007c0000000)
 Metaspace       used 159624K, capacity 165333K, committed 165564K, reserved 1187840K
  class space    used 24387K, capacity 26254K, committed 26336K, reserved 1048576K
Event: 1118.480 GC heap after
Heap after GC invocations=67 (full 4):
 par new generation   total 707840K, used 78592K [0x0000000640000000, 0x0000000670000000, 0x0000000670000000)
  eden space 629248K,   0% used [0x0000000640000000, 0x0000000640000000, 0x0000000666680000)
  from space 78592K, 100% used [0x000000066b340000, 0x0000000670000000, 0x0000000670000000)
  to   space 78592K,   0% used [0x0000000666680000, 0x0000000666680000, 0x000000066b340000)
 concurrent mark-sweep generation total 5505024K, used 1271268K [0x0000000670000000, 0x00000007c0000000, 0x00000007c0000000)
 Metaspace       used 159624K, capacity 165333K, committed 165564K, reserved 1187840K
  class space    used 24387K, capacity 26254K, committed 26336K, reserved 1048576K
}
Event: 1125.437 GC heap before
{Heap before GC invocations=67 (full 4):
 par new generation   total 707840K, used 707840K [0x0000000640000000, 0x0000000670000000, 0x0000000670000000)
  eden space 629248K, 100% used [0x0000000640000000, 0x0000000666680000, 0x0000000666680000)
  from space 78592K, 100% used [0x000000066b340000, 0x0000000670000000, 0x0000000670000000)
  to   space 78592K,   0% used [0x0000000666680000, 0x0000000666680000, 0x000000066b340000)
 concurrent mark-sweep generation total 5505024K, used 1271268K [0x0000000670000000, 0x00000007c0000000, 0x00000007c0000000)
 Metaspace       used 160986K, capacity 166707K, committed 166972K, reserved 1189888K
  class space    used 24587K, capacity 26437K, committed 26464K, reserved 1048576K
Event: 1125.668 GC heap after
Heap after GC invocations=68 (full 4):
 par new generation   total 707840K, used 78592K [0x0000000640000000, 0x0000000670000000, 0x0000000670000000)
  eden space 629248K,   0% used [0x0000000640000000, 0x0000000640000000, 0x0000000666680000)
  from space 78592K, 100% used [0x0000000666680000, 0x000000066b340000, 0x000000066b340000)
  to   space 78592K,   0% used [0x000000066b340000, 0x000000066b340000, 0x0000000670000000)
 concurrent mark-sweep generation total 5505024K, used 1278037K [0x0000000670000000, 0x00000007c0000000, 0x00000007c0000000)
 Metaspace       used 160986K, capacity 166707K, committed 166972K, reserved 1189888K
  class space    used 24587K, capacity 26437K, committed 26464K, reserved 1048576K
}

