# JRE version: Java(TM) SE Runtime Environment (8.0_51-b16) (build 1.8.0_51-b16)
# Java VM: Java HotSpot(TM) 64-Bit Server VM (25.51-b03 mixed mode windows-amd64 compressed oops)
Heap:
 par new generation   total 707840K, used 215037K [0x0000000640000000, 0x0000000670000000, 0x0000000670000000)
  eden space 629248K,  21% used [0x0000000640000000, 0x000000064853f490, 0x0000000666680000)
  from space 78592K, 100% used [0x000000066b340000, 0x0000000670000000, 0x0000000670000000)
  to   space 78592K,   0% used [0x0000000666680000, 0x0000000666680000, 0x000000066b340000)
 concurrent mark-sweep generation total 5505024K, used 4320226K [0x0000000670000000, 0x00000007c0000000, 0x00000007c0000000)
 Metaspace       used 308683K, capacity 321443K, committed 321640K, reserved 1312768K
  class space    used 52225K, capacity 57785K, committed 57796K, reserved 1048576K
GC Heap History (10 events):
Event: 2965.036 GC heap before
{Heap before GC invocations=242 (full 6):
 par new generation   total 707840K, used 707840K [0x0000000640000000, 0x0000000670000000, 0x0000000670000000)
  eden space 629248K, 100% used [0x0000000640000000, 0x0000000666680000, 0x0000000666680000)
  from space 78592K, 100% used [0x0000000666680000, 0x000000066b340000, 0x000000066b340000)
  to   space 78592K,   0% used [0x000000066b340000, 0x000000066b340000, 0x0000000670000000)
 concurrent mark-sweep generation total 5505024K, used 4131358K [0x0000000670000000, 0x00000007c0000000, 0x00000007c0000000)
 Metaspace       used 308199K, capacity 320953K, committed 321128K, reserved 1312768K
  class space    used 52216K, capacity 57772K, committed 57796K, reserved 1048576K
Event: 2965.196 GC heap after
Heap after GC invocations=243 (full 6):
 par new generation   total 707840K, used 78592K [0x0000000640000000, 0x0000000670000000, 0x0000000670000000)
  eden space 629248K,   0% used [0x0000000640000000, 0x0000000640000000, 0x0000000666680000)
  from space 78592K, 100% used [0x000000066b340000, 0x0000000670000000, 0x0000000670000000)
  to   space 78592K,   0% used [0x0000000666680000, 0x0000000666680000, 0x000000066b340000)
 concurrent mark-sweep generation total 5505024K, used 4131743K [0x0000000670000000, 0x00000007c0000000, 0x00000007c0000000)
 Metaspace       used 308199K, capacity 320953K, committed 321128K, reserved 1312768K
  class space    used 52216K, capacity 57772K, committed 57796K, reserved 1048576K
}
Event: 2969.777 GC heap before
{Heap before GC invocations=243 (full 6):
 par new generation   total 707840K, used 707840K [0x0000000640000000, 0x0000000670000000, 0x0000000670000000)
  eden space 629248K, 100% used [0x0000000640000000, 0x0000000666680000, 0x0000000666680000)
  from space 78592K, 100% used [0x000000066b340000, 0x0000000670000000, 0x0000000670000000)
  to   space 78592K,   0% used [0x0000000666680000, 0x0000000666680000, 0x000000066b340000)
 concurrent mark-sweep generation total 5505024K, used 4131743K [0x0000000670000000, 0x00000007c0000000, 0x00000007c0000000)
 Metaspace       used 308199K, capacity 320953K, committed 321128K, reserved 1312768K
  class space    used 52216K, capacity 57772K, committed 57796K, reserved 1048576K
Event: 2969.941 GC heap after
Heap after GC invocations=244 (full 6):
 par new generation   total 707840K, used 68468K [0x0000000640000000, 0x0000000670000000, 0x0000000670000000)
  eden space 629248K,   0% used [0x0000000640000000, 0x0000000640000000, 0x0000000666680000)
  from space 78592K,  87% used [0x0000000666680000, 0x000000066a95d028, 0x000000066b340000)
  to   space 78592K,   0% used [0x000000066b340000, 0x000000066b340000, 0x0000000670000000)
 concurrent mark-sweep generation total 5505024K, used 4131743K [0x0000000670000000, 0x00000007c0000000, 0x00000007c0000000)
 Metaspace       used 308199K, capacity 320953K, committed 321128K, reserved 1312768K
  class space    used 52216K, capacity 57772K, committed 57796K, reserved 1048576K
}
Event: 2984.600 GC heap before
{Heap before GC invocations=244 (full 6):
 par new generation   total 707840K, used 697716K [0x0000000640000000, 0x0000000670000000, 0x0000000670000000)
  eden space 629248K, 100% used [0x0000000640000000, 0x0000000666680000, 0x0000000666680000)
  from space 78592K,  87% used [0x0000000666680000, 0x000000066a95d028, 0x000000066b340000)
  to   space 78592K,   0% used [0x000000066b340000, 0x000000066b340000, 0x0000000670000000)
 concurrent mark-sweep generation total 5505024K, used 4131743K [0x0000000670000000, 0x00000007c0000000, 0x00000007c0000000)
 Metaspace       used 308278K, capacity 321025K, committed 321128K, reserved 1312768K
  class space    used 52222K, capacity 57784K, committed 57796K, reserved 1048576K
Event: 2985.505 GC heap after
Heap after GC invocations=245 (full 6):
 par new generation   total 707840K, used 78592K [0x0000000640000000, 0x0000000670000000, 0x0000000670000000)
  eden space 629248K,   0% used [0x0000000640000000, 0x0000000640000000, 0x0000000666680000)
  from space 78592K, 100% used [0x000000066b340000, 0x0000000670000000, 0x0000000670000000)
  to   space 78592K,   0% used [0x0000000666680000, 0x0000000666680000, 0x000000066b340000)
 concurrent mark-sweep generation total 5505024K, used 4241634K [0x0000000670000000, 0x00000007c0000000, 0x00000007c0000000)
 Metaspace       used 308278K, capacity 321025K, committed 321128K, reserved 1312768K
  class space    used 52222K, capacity 57784K, committed 57796K, reserved 1048576K
}
Event: 2999.083 GC heap before
{Heap before GC invocations=245 (full 6):
 par new generation   total 707840K, used 707840K [0x0000000640000000, 0x0000000670000000, 0x0000000670000000)
  eden space 629248K, 100% used [0x0000000640000000, 0x0000000666680000, 0x0000000666680000)
  from space 78592K, 100% used [0x000000066b340000, 0x0000000670000000, 0x0000000670000000)
  to   space 78592K,   0% used [0x0000000666680000, 0x0000000666680000, 0x000000066b340000)
 concurrent mark-sweep generation total 5505024K, used 4241634K [0x0000000670000000, 0x00000007c0000000, 0x00000007c0000000)
 Metaspace       used 308484K, capacity 321231K, committed 321384K, reserved 1312768K
  class space    used 52224K, capacity 57785K, committed 57796K, reserved 1048576K
Event: 2999.903 GC heap after
Heap after GC invocations=246 (full 6):
 par new generation   total 707840K, used 78592K [0x0000000640000000, 0x0000000670000000, 0x0000000670000000)
  eden space 629248K,   0% used [0x0000000640000000, 0x0000000640000000, 0x0000000666680000)
  from space 78592K, 100% used [0x0000000666680000, 0x000000066b340000, 0x000000066b340000)
  to   space 78592K,   0% used [0x000000066b340000, 0x000000066b340000, 0x0000000670000000)
 concurrent mark-sweep generation total 5505024K, used 4302240K [0x0000000670000000, 0x00000007c0000000, 0x00000007c0000000)
 Metaspace       used 308484K, capacity 321231K, committed 321384K, reserved 1312768K
  class space    used 52224K, capacity 57785K, committed 57796K, reserved 1048576K
}
Event: 3007.454 GC heap before
{Heap before GC invocations=246 (full 6):
 par new generation   total 707840K, used 707840K [0x0000000640000000, 0x0000000670000000, 0x0000000670000000)
  eden space 629248K, 100% used [0x0000000640000000, 0x0000000666680000, 0x0000000666680000)
  from space 78592K, 100% used [0x0000000666680000, 0x000000066b340000, 0x000000066b340000)
  to   space 78592K,   0% used [0x000000066b340000, 0x000000066b340000, 0x0000000670000000)
 concurrent mark-sweep generation total 5505024K, used 4302240K [0x0000000670000000, 0x00000007c0000000, 0x00000007c0000000)
 Metaspace       used 308679K, capacity 321439K, committed 321640K, reserved 1312768K
  class space    used 52225K, capacity 57785K, committed 57796K, reserved 1048576K
Event: 3007.687 GC heap after
Heap after GC invocations=247 (full 6):
 par new generation   total 707840K, used 78592K [0x0000000640000000, 0x0000000670000000, 0x0000000670000000)
  eden space 629248K,   0% used [0x0000000640000000, 0x0000000640000000, 0x0000000666680000)
  from space 78592K, 100% used [0x000000066b340000, 0x0000000670000000, 0x0000000670000000)
  to   space 78592K,   0% used [0x0000000666680000, 0x0000000666680000, 0x000000066b340000)
 concurrent mark-sweep generation total 5505024K, used 4320226K [0x0000000670000000, 0x00000007c0000000, 0x00000007c0000000)
 Metaspace       used 308679K, capacity 321439K, committed 321640K, reserved 1312768K
  class space    used 52225K, capacity 57785K, committed 57796K, reserved 1048576K
}

